<?xml version="1.0" encoding="UTF-8"?>
<!-- Generated by org.testng.reporters.JUnitXMLReporter -->
<testsuite hostname="GA28" ignored="1" name="Test(failed)(failed)(failed)(failed)(failed)" tests="1" failures="1" timestamp="27 Mar 2019 09:20:41 GMT" time="13.139" errors="0">
  <testcase name="DelallDoc" time="10.22" classname="CMSPack_1.DelDocsTC">
    <failure type="java.lang.NullPointerException">
      <![CDATA[java.lang.NullPointerException
at CMSPack_1.DelDocsTC.DelallDoc(DelDocsTC.java:46)
... Removed 25 stack frames]]>
    </failure>
  </testcase> <!-- DelallDoc -->
  <testcase name="logintodelete" time="0.0" classname="CMSPack_1.DelDocsTC">
    <ignored/>
  </testcase> <!-- logintodelete -->
</testsuite> <!-- Test(failed)(failed)(failed)(failed)(failed) -->
