<?xml version="1.0" encoding="UTF-8"?>
<!-- Generated by org.testng.reporters.JUnitXMLReporter -->
<testsuite hostname="GA28" ignored="0" name="Test(failed)(failed)" tests="5" failures="1" timestamp="27 Mar 2019 09:08:21 GMT" time="125.39" errors="0">
  <testcase name="AddDocuments" time="37.208" classname="CMSPack_1.AddDocument"/>
  <testcase name="AddDocuments" time="35.824" classname="CMSPack_1.AddDocument"/>
  <testcase name="AddDocuments" time="35.688" classname="CMSPack_1.AddDocument"/>
  <testcase name="logintodelete" time="3.978" classname="CMSPack_1.DelDocsTC"/>
  <testcase name="DelallDoc" time="6.186" classname="CMSPack_1.DelDocsTC">
    <failure type="java.lang.NullPointerException">
      <![CDATA[java.lang.NullPointerException
at PageObjects.DeleteDocs.checkall(DeleteDocs.java:17)
at CMSPack_1.DelDocsTC.DelallDoc(DelDocsTC.java:47)
... Removed 25 stack frames]]>
    </failure>
  </testcase> <!-- DelallDoc -->
</testsuite> <!-- Test(failed)(failed) -->
