<?xml version="1.0" encoding="UTF-8"?>
<!-- Generated by org.testng.reporters.JUnitXMLReporter -->
<testsuite hostname="GA28" name="Test" tests="6" failures="0" timestamp="27 Mar 2019 13:14:28 GMT" time="186.527" errors="0">
  <testcase name="AALogintoCMS" time="15.121" classname="CMSPack_1.CMSLogin"/>
  <testcase name="AddDocuments" time="52.315" classname="CMSPack_1.AddDocument"/>
  <testcase name="AddDocuments" time="36.482" classname="CMSPack_1.AddDocument"/>
  <testcase name="AddDocuments" time="35.38" classname="CMSPack_1.AddDocument"/>
  <testcase name="Blogintodelete" time="7.936" classname="CMSPack_1.DelDocsTC"/>
  <testcase name="DelallDoc" time="18.779" classname="CMSPack_1.DelDocsTC"/>
</testsuite> <!-- Test -->
